#
# There is insufficient memory for the Java Runtime Environment to continue.
# Native memory allocation (malloc) failed to allocate 1050384 bytes for Chunk::new
# Possible reasons:
#   The system is out of physical RAM or swap space
#   The process is running with CompressedOops enabled, and the Java Heap may be blocking the growth of the native heap
# Possible solutions:
#   Reduce memory load on the system
#   Increase physical memory or swap space
#   Check if swap backing store is full
#   Decrease Java heap size (-Xmx/-Xms)
#   Decrease number of Java threads
#   Decrease Java thread stack sizes (-Xss)
#   Set larger code cache with -XX:ReservedCodeCacheSize=
#   JVM is running with Zero Based Compressed Oops mode in which the Java heap is
#     placed in the first 32GB address space. The Java Heap base address is the
#     maximum limit for the native heap growth. Please use -XX:HeapBaseMinAddress
#     to set the Java Heap base and to place the Java Heap above 32GB virtual address.
# This output file may be truncated or incomplete.
#
#  Out of Memory Error (arena.cpp:184), pid=18776, tid=21464
#
# JRE version: OpenJDK Runtime Environment (18.0+36) (build 18+36-2087)
# Java VM: OpenJDK 64-Bit Server VM (18+36-2087, mixed mode, sharing, tiered, compressed oops, compressed class ptrs, g1 gc, windows-amd64)
# No core dump will be written. Minidumps are not enabled by default on client versions of Windows
#

---------------  S U M M A R Y ------------

Command Line: -Dvisualvm.id=340627243199800 -ea -Didea.test.cyclic.buffer.size=1048576 -javaagent:D:\Program Files (x86)\IntelliJ IDEA Community Edition\lib\idea_rt.jar=61084:D:\Program Files (x86)\IntelliJ IDEA Community Edition\bin -Dfile.encoding=UTF-8 com.intellij.rt.junit.JUnitStarter -ideVersion5 -junit5 dev.fullstackcode.eis.DepartmentControllerIT,testGetDepartmentById

Host: Intel(R) Core(TM) i7-8550U CPU @ 1.80GHz, 8 cores, 15G,  Windows 11 , 64 bit Build 22000 (10.0.22000.708)
Time: Fri Jul 22 18:28:58 2022 New Zealand Standard Time elapsed time: 75.430397 seconds (0d 0h 1m 15s)

---------------  T H R E A D  ---------------

Current thread (0x0000019b13cd6960):  JavaThread "C2 CompilerThread1" daemon [_thread_in_native, id=21464, stack(0x0000003b9d700000,0x0000003b9d800000)]


Current CompileTask:
C2:  75430 4119       4       org.springframework.beans.factory.support.AbstractBeanFactory::isTypeMatch (607 bytes)

Stack: [0x0000003b9d700000,0x0000003b9d800000]
Native frames: (J=compiled Java code, j=interpreted, Vv=VM code, C=native code)
V  [jvm.dll+0x69804a]
V  [jvm.dll+0x7f308d]
V  [jvm.dll+0x7f499e]
V  [jvm.dll+0x7f5053]
V  [jvm.dll+0x25ca3f]
V  [jvm.dll+0xb8c2f]
V  [jvm.dll+0xb8fa5]
V  [jvm.dll+0x385a6b]
V  [jvm.dll+0x34f811]
V  [jvm.dll+0x34ecaa]
V  [jvm.dll+0x22fc21]
V  [jvm.dll+0x22eff1]
V  [jvm.dll+0x1b9cfc]
V  [jvm.dll+0x23e8ca]
V  [jvm.dll+0x23cbac]
V  [jvm.dll+0x7a5781]
V  [jvm.dll+0x79fbba]
V  [jvm.dll+0x696ef5]
C  [ucrtbase.dll+0x26c0c]
C  [KERNEL32.DLL+0x154e0]
C  [ntdll.dll+0x485b]


---------------  P R O C E S S  ---------------

Threads class SMR info:
_java_thread_list=0x0000019b14a0ced0, length=26, elements={
0x0000019b6c347450, 0x0000019b0f161c30, 0x0000019b0f162890, 0x0000019b0f180160,
0x0000019b0f180b00, 0x0000019b0f1814a0, 0x0000019b0f181e40, 0x0000019b0f182b10,
0x0000019b0f186bc0, 0x0000019b0f18d160, 0x0000019b0f14ed80, 0x0000019b1357e3b0,
0x0000019b13578230, 0x0000019b141eb2b0, 0x0000019b141b4ef0, 0x0000019b141b53b0,
0x0000019b141b6100, 0x0000019b141b6e50, 0x0000019b141ae510, 0x0000019b141ae9e0,
0x0000019b141ad6a0, 0x0000019b141acd00, 0x0000019b141aeeb0, 0x0000019b141ae040,
0x0000019b141af380, 0x0000019b13cd6960
}

Java Threads: ( => current thread )
  0x0000019b6c347450 JavaThread "main" [_thread_in_native, id=30096, stack(0x0000003b9b000000,0x0000003b9b100000)]
  0x0000019b0f161c30 JavaThread "Reference Handler" daemon [_thread_blocked, id=35916, stack(0x0000003b9b700000,0x0000003b9b800000)]
  0x0000019b0f162890 JavaThread "Finalizer" daemon [_thread_blocked, id=36000, stack(0x0000003b9b800000,0x0000003b9b900000)]
  0x0000019b0f180160 JavaThread "Signal Dispatcher" daemon [_thread_blocked, id=5628, stack(0x0000003b9b900000,0x0000003b9ba00000)]
  0x0000019b0f180b00 JavaThread "Attach Listener" daemon [_thread_blocked, id=18024, stack(0x0000003b9ba00000,0x0000003b9bb00000)]
  0x0000019b0f1814a0 JavaThread "Service Thread" daemon [_thread_blocked, id=4504, stack(0x0000003b9bb00000,0x0000003b9bc00000)]
  0x0000019b0f181e40 JavaThread "Monitor Deflation Thread" daemon [_thread_blocked, id=18160, stack(0x0000003b9bc00000,0x0000003b9bd00000)]
  0x0000019b0f182b10 JavaThread "C2 CompilerThread0" daemon [_thread_in_native, id=33576, stack(0x0000003b9bd00000,0x0000003b9be00000)]
  0x0000019b0f186bc0 JavaThread "C1 CompilerThread0" daemon [_thread_in_vm, id=32412, stack(0x0000003b9be00000,0x0000003b9bf00000)]
  0x0000019b0f18d160 JavaThread "Sweeper thread" daemon [_thread_blocked, id=30192, stack(0x0000003b9bf00000,0x0000003b9c000000)]
  0x0000019b0f14ed80 JavaThread "Common-Cleaner" daemon [_thread_blocked, id=15316, stack(0x0000003b9c000000,0x0000003b9c100000)]
  0x0000019b1357e3b0 JavaThread "Monitor Ctrl-Break" daemon [_thread_in_native, id=4396, stack(0x0000003b9c100000,0x0000003b9c200000)]
  0x0000019b13578230 JavaThread "Notification Thread" daemon [_thread_blocked, id=9796, stack(0x0000003b9c200000,0x0000003b9c300000)]
  0x0000019b141eb2b0 JavaThread "Thread-0" daemon [_thread_in_native, id=27988, stack(0x0000003b9cd00000,0x0000003b9ce00000)]
  0x0000019b141b4ef0 JavaThread "Thread-1" daemon [_thread_in_native, id=11604, stack(0x0000003b9ce00000,0x0000003b9cf00000)]
  0x0000019b141b53b0 JavaThread "Thread-2" daemon [_thread_in_native, id=31740, stack(0x0000003b9cf00000,0x0000003b9d000000)]
  0x0000019b141b6100 JavaThread "Thread-3" daemon [_thread_in_native, id=32996, stack(0x0000003b9d000000,0x0000003b9d100000)]
  0x0000019b141b6e50 JavaThread "Thread-4" daemon [_thread_in_native, id=1612, stack(0x0000003b9d100000,0x0000003b9d200000)]
  0x0000019b141ae510 JavaThread "Thread-5" daemon [_thread_in_native, id=5768, stack(0x0000003b9d200000,0x0000003b9d300000)]
  0x0000019b141ae9e0 JavaThread "Thread-6" daemon [_thread_in_native, id=17872, stack(0x0000003b9d300000,0x0000003b9d400000)]
  0x0000019b141ad6a0 JavaThread "Thread-7" daemon [_thread_in_native, id=16660, stack(0x0000003b9d400000,0x0000003b9d500000)]
  0x0000019b141acd00 JavaThread "Thread-8" daemon [_thread_in_native, id=24732, stack(0x0000003b9d500000,0x0000003b9d600000)]
  0x0000019b141aeeb0 JavaThread "Thread-12" daemon [_thread_blocked, id=1192, stack(0x0000003b9ad00000,0x0000003b9ae00000)]
  0x0000019b141ae040 JavaThread "Thread-13" daemon [_thread_blocked, id=22676, stack(0x0000003b9ae00000,0x0000003b9af00000)]
  0x0000019b141af380 JavaThread "Thread-14" daemon [_thread_blocked, id=5884, stack(0x0000003b9af00000,0x0000003b9b000000)]
=>0x0000019b13cd6960 JavaThread "C2 CompilerThread1" daemon [_thread_in_native, id=21464, stack(0x0000003b9d700000,0x0000003b9d800000)]

Other Threads:
  0x0000019b0f15eeb0 VMThread "VM Thread" [stack: 0x0000003b9b600000,0x0000003b9b700000] [id=37328]
  0x0000019b13578f00 WatcherThread "VM Periodic Task Thread" [stack: 0x0000003b9c300000,0x0000003b9c400000] [id=6072]
  0x0000019b6c3b8190 WorkerThread "GC Thread#0" [stack: 0x0000003b9b100000,0x0000003b9b200000] [id=18680]
  0x0000019b140e5f60 WorkerThread "GC Thread#1" [stack: 0x0000003b9c500000,0x0000003b9c600000] [id=6732]
  0x0000019b140e6200 WorkerThread "GC Thread#2" [stack: 0x0000003b9c600000,0x0000003b9c700000] [id=34164]
  0x0000019b140e64a0 WorkerThread "GC Thread#3" [stack: 0x0000003b9c700000,0x0000003b9c800000] [id=15184]
  0x0000019b140cc060 WorkerThread "GC Thread#4" [stack: 0x0000003b9c800000,0x0000003b9c900000] [id=18316]
  0x0000019b140cc300 WorkerThread "GC Thread#5" [stack: 0x0000003b9c900000,0x0000003b9ca00000] [id=28168]
  0x0000019b1414e1d0 WorkerThread "GC Thread#6" [stack: 0x0000003b9ca00000,0x0000003b9cb00000] [id=34484]
  0x0000019b14151cb0 WorkerThread "GC Thread#7" [stack: 0x0000003b9cb00000,0x0000003b9cc00000] [id=33480]
  0x0000019b6c3c8e40 ConcurrentGCThread "G1 Main Marker" [stack: 0x0000003b9b200000,0x0000003b9b300000] [id=37708]
  0x0000019b6c3c9830 WorkerThread "G1 Conc#0" [stack: 0x0000003b9b300000,0x0000003b9b400000] [id=35732]
  0x0000019b14aa8d80 WorkerThread "G1 Conc#1" [stack: 0x0000003b9c400000,0x0000003b9c500000] [id=24500]
  0x0000019b6c3fe8f0 ConcurrentGCThread "G1 Refine#0" [stack: 0x0000003b9b400000,0x0000003b9b500000] [id=1312]
  0x0000019b0f01c3a0 ConcurrentGCThread "G1 Service" [stack: 0x0000003b9b500000,0x0000003b9b600000] [id=25560]

Threads with active compile tasks:
C2 CompilerThread0    75555 4124       4       org.springframework.core.ResolvableType::forType (115 bytes)
C2 CompilerThread1    75555 4119       4       org.springframework.beans.factory.support.AbstractBeanFactory::isTypeMatch (607 bytes)

VM state: not at safepoint (normal execution)

VM Mutex/Monitor currently owned by a thread: None

Heap address: 0x0000000702800000, size: 4056 MB, Compressed Oops mode: Zero based, Oop shift amount: 3

CDS archive(s) mapped at: [0x0000000800000000-0x0000000800b90000-0x0000000800b90000), size 12124160, SharedBaseAddress: 0x0000000800000000, ArchiveRelocationMode: 0.
Compressed class space mapped at: 0x0000000800c00000-0x0000000840c00000, reserved size: 1073741824
Narrow klass base: 0x0000000800000000, Narrow klass shift: 0, Narrow klass range: 0x100000000

GC Precious Log:
 CardTable entry size: 512
 Card Set container configuration: InlinePtr #cards 4 size 8 Array Of Cards #cards 16 size 48 Howl #buckets 8 coarsen threshold 3686 Howl Bitmap #cards 512 size 80 coarsen threshold 460 Card regions per heap region 1 cards per card region 4096
 CPUs: 8 total, 8 available
 Memory: 16217M
 Large Page Support: Disabled
 NUMA Support: Disabled
 Compressed Oops: Enabled (Zero based)
 Heap Region Size: 2M
 Heap Min Capacity: 8M
 Heap Initial Capacity: 254M
 Heap Max Capacity: 4056M
 Pre-touch: Disabled
 Parallel Workers: 8
 Concurrent Workers: 2
 Concurrent Refinement Workers: 8
 Periodic GC: Disabled

Heap:
 garbage-first heap   total 71680K, used 22727K [0x0000000702800000, 0x0000000800000000)
  region size 2048K, 4 young (8192K), 2 survivors (4096K)
 Metaspace       used 36026K, committed 36352K, reserved 1114112K
  class space    used 4532K, committed 4672K, reserved 1048576K

Heap Regions: E=young(eden), S=young(survivor), O=old, HS=humongous(starts), HC=humongous(continues), CS=collection set, F=free, OA=open archive, CA=closed archive, TAMS=top-at-mark-start (previous, next)
|   0|0x0000000702800000, 0x0000000702a00000, 0x0000000702a00000|100%|HS|  |TAMS 0x0000000702a00000, 0x0000000702800000| Complete 
|   1|0x0000000702a00000, 0x0000000702c00000, 0x0000000702c00000|100%| O|  |TAMS 0x0000000702c00000, 0x0000000702a00000| Untracked 
|   2|0x0000000702c00000, 0x0000000702e00000, 0x0000000702e00000|100%| O|  |TAMS 0x0000000702e00000, 0x0000000702c00000| Untracked 
|   3|0x0000000702e00000, 0x0000000703000000, 0x0000000703000000|100%| O|  |TAMS 0x0000000703000000, 0x0000000702e00000| Untracked 
|   4|0x0000000703000000, 0x00000007031de600, 0x0000000703200000| 93%| O|  |TAMS 0x00000007031de600, 0x0000000703000000| Untracked 
|   5|0x0000000703200000, 0x0000000703400000, 0x0000000703400000|100%| O|  |TAMS 0x0000000703400000, 0x0000000703200000| Untracked 
|   6|0x0000000703400000, 0x0000000703600000, 0x0000000703600000|100%| O|  |TAMS 0x0000000703600000, 0x0000000703400000| Untracked 
|   7|0x0000000703600000, 0x0000000703800000, 0x0000000703800000|100%| O|  |TAMS 0x0000000703800000, 0x0000000703600000| Untracked 
|   8|0x0000000703800000, 0x00000007039fec00, 0x0000000703a00000| 99%| O|  |TAMS 0x00000007039fec00, 0x0000000703800000| Untracked 
|   9|0x0000000703a00000, 0x0000000703a00000, 0x0000000703c00000|  0%| F|  |TAMS 0x0000000703a00000, 0x0000000703a00000| Untracked 
|  10|0x0000000703c00000, 0x0000000703c00000, 0x0000000703e00000|  0%| F|  |TAMS 0x0000000703c00000, 0x0000000703c00000| Untracked 
|  11|0x0000000703e00000, 0x0000000703e00000, 0x0000000704000000|  0%| F|  |TAMS 0x0000000703e00000, 0x0000000703e00000| Untracked 
|  12|0x0000000704000000, 0x0000000704000000, 0x0000000704200000|  0%| F|  |TAMS 0x0000000704000000, 0x0000000704000000| Untracked 
|  13|0x0000000704200000, 0x0000000704200000, 0x0000000704400000|  0%| F|  |TAMS 0x0000000704200000, 0x0000000704200000| Untracked 
|  14|0x0000000704400000, 0x0000000704400000, 0x0000000704600000|  0%| F|  |TAMS 0x0000000704400000, 0x0000000704400000| Untracked 
|  15|0x0000000704600000, 0x0000000704600000, 0x0000000704800000|  0%| F|  |TAMS 0x0000000704600000, 0x0000000704600000| Untracked 
|  16|0x0000000704800000, 0x0000000704800000, 0x0000000704a00000|  0%| F|  |TAMS 0x0000000704800000, 0x0000000704800000| Untracked 
|  17|0x0000000704a00000, 0x0000000704a00000, 0x0000000704c00000|  0%| F|  |TAMS 0x0000000704a00000, 0x0000000704a00000| Untracked 
|  18|0x0000000704c00000, 0x0000000704c00000, 0x0000000704e00000|  0%| F|  |TAMS 0x0000000704c00000, 0x0000000704c00000| Untracked 
|  19|0x0000000704e00000, 0x0000000704e00000, 0x0000000705000000|  0%| F|  |TAMS 0x0000000704e00000, 0x0000000704e00000| Untracked 
|  20|0x0000000705000000, 0x0000000705000000, 0x0000000705200000|  0%| F|  |TAMS 0x0000000705000000, 0x0000000705000000| Untracked 
|  21|0x0000000705200000, 0x0000000705200000, 0x0000000705400000|  0%| F|  |TAMS 0x0000000705200000, 0x0000000705200000| Untracked 
|  22|0x0000000705400000, 0x0000000705400000, 0x0000000705600000|  0%| F|  |TAMS 0x0000000705400000, 0x0000000705400000| Untracked 
|  23|0x0000000705600000, 0x0000000705600000, 0x0000000705800000|  0%| F|  |TAMS 0x0000000705600000, 0x0000000705600000| Untracked 
|  24|0x0000000705800000, 0x0000000705800000, 0x0000000705a00000|  0%| F|  |TAMS 0x0000000705800000, 0x0000000705800000| Untracked 
|  25|0x0000000705a00000, 0x0000000705a00000, 0x0000000705c00000|  0%| F|  |TAMS 0x0000000705a00000, 0x0000000705a00000| Untracked 
|  26|0x0000000705c00000, 0x0000000705c00000, 0x0000000705e00000|  0%| F|  |TAMS 0x0000000705c00000, 0x0000000705c00000| Untracked 
|  27|0x0000000705e00000, 0x0000000705e00000, 0x0000000706000000|  0%| F|  |TAMS 0x0000000705e00000, 0x0000000705e00000| Untracked 
|  28|0x0000000706000000, 0x0000000706000000, 0x0000000706200000|  0%| F|  |TAMS 0x0000000706000000, 0x0000000706000000| Untracked 
|  29|0x0000000706200000, 0x0000000706200000, 0x0000000706400000|  0%| F|  |TAMS 0x0000000706200000, 0x0000000706200000| Untracked 
|  30|0x0000000706400000, 0x0000000706400000, 0x0000000706600000|  0%| F|  |TAMS 0x0000000706400000, 0x0000000706400000| Untracked 
| 122|0x0000000711c00000, 0x0000000711c54d70, 0x0000000711e00000| 16%| S|CS|TAMS 0x0000000711c00000, 0x0000000711c00000| Complete 
| 123|0x0000000711e00000, 0x0000000712000000, 0x0000000712000000|100%| S|CS|TAMS 0x0000000711e00000, 0x0000000711e00000| Complete 
| 124|0x0000000712000000, 0x0000000712200000, 0x0000000712200000|100%| E|  |TAMS 0x0000000712000000, 0x0000000712000000| Complete 
| 126|0x0000000712400000, 0x0000000712600000, 0x0000000712600000|100%| E|CS|TAMS 0x0000000712400000, 0x0000000712400000| Complete 

Card table byte_map: [0x0000019b74780000,0x0000019b74f70000] _byte_map_base: 0x0000019b70f6c000

Marking Bits (Prev, Next): (CMBitMap*) 0x0000019b6c3b8790, (CMBitMap*) 0x0000019b6c3b87d0
 Prev Bits: [0x0000019b75760000, 0x0000019b796c0000)
 Next Bits: [0x0000019b796c0000, 0x0000019b7d620000)

Polling page: 0x0000019b6a260000

Metaspace:

Usage:
  Non-class:     30.77 MB used.
      Class:      4.43 MB used.
       Both:     35.19 MB used.

Virtual space:
  Non-class space:       64.00 MB reserved,      30.94 MB ( 48%) committed,  1 nodes.
      Class space:        1.00 GB reserved,       4.56 MB ( <1%) committed,  1 nodes.
             Both:        1.06 GB reserved,      35.50 MB (  3%) committed. 

Chunk freelists:
   Non-Class:  976.00 KB
       Class:  3.47 MB
        Both:  4.42 MB

MaxMetaspaceSize: unlimited
CompressedClassSpaceSize: 1.00 GB
Initial GC threshold: 21.00 MB
Current GC threshold: 58.69 MB
CDS: on
MetaspaceReclaimPolicy: balanced
 - commit_granule_bytes: 65536.
 - commit_granule_words: 8192.
 - virtual_space_node_default_size: 8388608.
 - enlarge_chunks_in_place: 1.
 - new_chunks_are_fully_committed: 0.
 - uncommit_free_chunks: 1.
 - use_allocation_guard: 0.


Internal statistics:

num_allocs_failed_limit: 6.
num_arena_births: 312.
num_arena_deaths: 0.
num_vsnodes_births: 2.
num_vsnodes_deaths: 0.
num_space_committed: 568.
num_space_uncommitted: 0.
num_chunks_returned_to_freelist: 6.
num_chunks_taken_from_freelist: 1531.
num_chunk_merges: 3.
num_chunk_splits: 1084.
num_chunks_enlarged: 909.
num_inconsistent_stats: 0.

CodeHeap 'non-profiled nmethods': size=120000Kb used=1756Kb max_used=1756Kb free=118243Kb
 bounds [0x0000019b07ad0000, 0x0000019b07d40000, 0x0000019b0f000000]
CodeHeap 'profiled nmethods': size=120000Kb used=9285Kb max_used=9285Kb free=110715Kb
 bounds [0x0000019b005a0000, 0x0000019b00ec0000, 0x0000019b07ad0000]
CodeHeap 'non-nmethods': size=5760Kb used=1242Kb max_used=1321Kb free=4517Kb
 bounds [0x0000019b00000000, 0x0000019b00270000, 0x0000019b005a0000]
 total_blobs=4676 nmethods=4135 adapters=453
 compilation: enabled
              stopped_count=0, restarted_count=0
 full_count=0

Compilation events (20 events):
Event: 75.256 Thread 0x0000019b0f186bc0 4122       1       java.util.TreeMap$Entry::getValue (5 bytes)
Event: 75.257 Thread 0x0000019b0f186bc0 nmethod 4122 0x0000019b07c86610 code [0x0000019b07c867a0, 0x0000019b07c86878]
Event: 75.262 Thread 0x0000019b0f182b10 nmethod 4121 0x0000019b07c86910 code [0x0000019b07c86a80, 0x0000019b07c86d38]
Event: 75.267 Thread 0x0000019b0f186bc0 4123       3       java.beans.FeatureDescriptor::setClass0 (9 bytes)
Event: 75.268 Thread 0x0000019b0f186bc0 nmethod 4123 0x0000019b00e9db10 code [0x0000019b00e9dce0, 0x0000019b00e9e088]
Event: 75.269 Thread 0x0000019b0f182b10 4124       4       org.springframework.core.ResolvableType::forType (115 bytes)
Event: 75.269 Thread 0x0000019b0f186bc0 4125       3       org.springframework.core.ResolvableType::forMethodParameter (40 bytes)
Event: 75.270 Thread 0x0000019b0f186bc0 nmethod 4125 0x0000019b00e9e210 code [0x0000019b00e9e460, 0x0000019b00e9ee88]
Event: 75.281 Thread 0x0000019b0f186bc0 4126       3       org.springframework.util.ConcurrentReferenceHashMap$Segment::findInChain (66 bytes)
Event: 75.281 Thread 0x0000019b0f186bc0 nmethod 4126 0x0000019b00e9f290 code [0x0000019b00e9f480, 0x0000019b00e9f9d8]
Event: 75.359 Thread 0x0000019b0f186bc0 4128   !   3       java.lang.reflect.Executable::sharedToGenericString (255 bytes)
Event: 75.363 Thread 0x0000019b0f186bc0 nmethod 4128 0x0000019b00e9fb90 code [0x0000019b00ea00e0, 0x0000019b00ea26a8]
Event: 75.363 Thread 0x0000019b0f186bc0 4131       3       java.util.Hashtable::addEntry (87 bytes)
Event: 75.364 Thread 0x0000019b0f186bc0 nmethod 4131 0x0000019b00ea3810 code [0x0000019b00ea3a00, 0x0000019b00ea4178]
Event: 75.364 Thread 0x0000019b0f186bc0 4129       3       com.sun.beans.TypeResolver::erase (156 bytes)
Event: 75.367 Thread 0x0000019b0f186bc0 nmethod 4129 0x0000019b00ea4410 code [0x0000019b00ea4760, 0x0000019b00ea6268]
Event: 75.372 Thread 0x0000019b0f186bc0 4132       1       org.springframework.beans.GenericTypeAwarePropertyDescriptor::getReadMethod (5 bytes)
Event: 75.372 Thread 0x0000019b0f186bc0 nmethod 4132 0x0000019b07c86e10 code [0x0000019b07c86fa0, 0x0000019b07c87078]
Event: 75.372 Thread 0x0000019b0f186bc0 4133       3       org.springframework.core.MethodParameter::<init> (8 bytes)
Event: 75.374 Thread 0x0000019b0f186bc0 nmethod 4133 0x0000019b00ea6710 code [0x0000019b00ea69a0, 0x0000019b00ea7718]

GC Heap History (14 events):
Event: 1.633 GC heap before
{Heap before GC invocations=0 (full 0):
 garbage-first heap   total 260096K, used 24576K [0x0000000702800000, 0x0000000800000000)
  region size 2048K, 11 young (22528K), 0 survivors (0K)
 Metaspace       used 6501K, committed 6656K, reserved 1114112K
  class space    used 725K, committed 832K, reserved 1048576K
}
Event: 1.641 GC heap after
{Heap after GC invocations=1 (full 0):
 garbage-first heap   total 260096K, used 10100K [0x0000000702800000, 0x0000000800000000)
  region size 2048K, 2 young (4096K), 2 survivors (4096K)
 Metaspace       used 6501K, committed 6656K, reserved 1114112K
  class space    used 725K, committed 832K, reserved 1048576K
}
Event: 2.272 GC heap before
{Heap before GC invocations=1 (full 0):
 garbage-first heap   total 260096K, used 28532K [0x0000000702800000, 0x0000000800000000)
  region size 2048K, 11 young (22528K), 2 survivors (4096K)
 Metaspace       used 10727K, committed 10880K, reserved 1114112K
  class space    used 1253K, committed 1344K, reserved 1048576K
}
Event: 2.278 GC heap after
{Heap after GC invocations=2 (full 0):
 garbage-first heap   total 260096K, used 11506K [0x0000000702800000, 0x0000000800000000)
  region size 2048K, 1 young (2048K), 1 survivors (2048K)
 Metaspace       used 10727K, committed 10880K, reserved 1114112K
  class space    used 1253K, committed 1344K, reserved 1048576K
}
Event: 67.204 GC heap before
{Heap before GC invocations=2 (full 0):
 garbage-first heap   total 260096K, used 58610K [0x0000000702800000, 0x0000000800000000)
  region size 2048K, 25 young (51200K), 1 survivors (2048K)
 Metaspace       used 20602K, committed 20800K, reserved 1114112K
  class space    used 2528K, committed 2624K, reserved 1048576K
}
Event: 67.220 GC heap after
{Heap after GC invocations=3 (full 0):
 garbage-first heap   total 260096K, used 15798K [0x0000000702800000, 0x0000000800000000)
  region size 2048K, 3 young (6144K), 3 survivors (6144K)
 Metaspace       used 20602K, committed 20800K, reserved 1114112K
  class space    used 2528K, committed 2624K, reserved 1048576K
}
Event: 67.452 GC heap before
{Heap before GC invocations=3 (full 0):
 garbage-first heap   total 260096K, used 17846K [0x0000000702800000, 0x0000000800000000)
  region size 2048K, 5 young (10240K), 3 survivors (6144K)
 Metaspace       used 21239K, committed 21504K, reserved 1114112K
  class space    used 2609K, committed 2752K, reserved 1048576K
}
Event: 67.477 GC heap after
{Heap after GC invocations=4 (full 0):
 garbage-first heap   total 260096K, used 16131K [0x0000000702800000, 0x0000000800000000)
  region size 2048K, 3 young (6144K), 3 survivors (6144K)
 Metaspace       used 21239K, committed 21504K, reserved 1114112K
  class space    used 2609K, committed 2752K, reserved 1048576K
}
Event: 71.564 GC heap before
{Heap before GC invocations=5 (full 0):
 garbage-first heap   total 61440K, used 59139K [0x0000000702800000, 0x0000000800000000)
  region size 2048K, 25 young (51200K), 3 survivors (6144K)
 Metaspace       used 31183K, committed 31488K, reserved 1114112K
  class space    used 3890K, committed 4032K, reserved 1048576K
}
Event: 71.583 GC heap after
{Heap after GC invocations=6 (full 0):
 garbage-first heap   total 71680K, used 19357K [0x0000000702800000, 0x0000000800000000)
  region size 2048K, 5 young (10240K), 5 survivors (10240K)
 Metaspace       used 31183K, committed 31488K, reserved 1114112K
  class space    used 3890K, committed 4032K, reserved 1048576K
}
Event: 74.646 GC heap before
{Heap before GC invocations=6 (full 0):
 garbage-first heap   total 71680K, used 48029K [0x0000000702800000, 0x0000000800000000)
  region size 2048K, 19 young (38912K), 5 survivors (10240K)
 Metaspace       used 35315K, committed 35648K, reserved 1114112K
  class space    used 4420K, committed 4544K, reserved 1048576K
}
Event: 74.669 GC heap after
{Heap after GC invocations=7 (full 0):
 garbage-first heap   total 71680K, used 20857K [0x0000000702800000, 0x0000000800000000)
  region size 2048K, 2 young (4096K), 2 survivors (4096K)
 Metaspace       used 35315K, committed 35648K, reserved 1114112K
  class space    used 4420K, committed 4544K, reserved 1048576K
}
Event: 74.962 GC heap before
{Heap before GC invocations=7 (full 0):
 garbage-first heap   total 71680K, used 22905K [0x0000000702800000, 0x0000000800000000)
  region size 2048K, 4 young (8192K), 2 survivors (4096K)
 Metaspace       used 35671K, committed 35968K, reserved 1114112K
  class space    used 4469K, committed 4608K, reserved 1048576K
}
Event: 74.974 GC heap after
{Heap after GC invocations=8 (full 0):
 garbage-first heap   total 71680K, used 20679K [0x0000000702800000, 0x0000000800000000)
  region size 2048K, 2 young (4096K), 2 survivors (4096K)
 Metaspace       used 35671K, committed 35968K, reserved 1114112K
  class space    used 4469K, committed 4608K, reserved 1048576K
}

Deoptimization events (20 events):
Event: 74.957 Thread 0x0000019b6c347450 Uncommon trap: trap_request=0xffffff45 fr.pc=0x0000019b07c110ac relative=0x00000000000006ac
Event: 74.957 Thread 0x0000019b6c347450 Uncommon trap: reason=unstable_if action=reinterpret pc=0x0000019b07c110ac method=jdk.internal.org.objectweb.asm.Type.getArgumentsAndReturnSizes(Ljava/lang/String;)I @ 25 c2
Event: 74.957 Thread 0x0000019b6c347450 DEOPT PACKING pc=0x0000019b07c110ac sp=0x0000003b9b0fad10
Event: 74.957 Thread 0x0000019b6c347450 DEOPT UNPACKING pc=0x0000019b000523a3 sp=0x0000003b9b0fac90 mode 2
Event: 74.957 Thread 0x0000019b6c347450 Uncommon trap: trap_request=0xffffff45 fr.pc=0x0000019b07be81a0 relative=0x0000000000000440
Event: 74.957 Thread 0x0000019b6c347450 Uncommon trap: reason=unstable_if action=reinterpret pc=0x0000019b07be81a0 method=jdk.internal.org.objectweb.asm.MethodWriter.visitVarInsn(II)V @ 230 c2
Event: 74.957 Thread 0x0000019b6c347450 DEOPT PACKING pc=0x0000019b07be81a0 sp=0x0000003b9b0fadc0
Event: 74.957 Thread 0x0000019b6c347450 DEOPT UNPACKING pc=0x0000019b000523a3 sp=0x0000003b9b0fad70 mode 2
Event: 74.957 Thread 0x0000019b6c347450 Uncommon trap: trap_request=0xffffff45 fr.pc=0x0000019b07bfe6e8 relative=0x0000000000000148
Event: 74.958 Thread 0x0000019b6c347450 Uncommon trap: reason=unstable_if action=reinterpret pc=0x0000019b07bfe6e8 method=java.lang.invoke.MethodType.checkPtypes([Ljava/lang/Class;)I @ 47 c2
Event: 74.958 Thread 0x0000019b6c347450 DEOPT PACKING pc=0x0000019b07bfe6e8 sp=0x0000003b9b0fad00
Event: 74.958 Thread 0x0000019b6c347450 DEOPT UNPACKING pc=0x0000019b000523a3 sp=0x0000003b9b0fac78 mode 2
Event: 75.066 Thread 0x0000019b6c347450 Uncommon trap: trap_request=0xffffff45 fr.pc=0x0000019b07c69d88 relative=0x0000000000000148
Event: 75.066 Thread 0x0000019b6c347450 Uncommon trap: reason=unstable_if action=reinterpret pc=0x0000019b07c69d88 method=org.springframework.beans.factory.support.AbstractAutowireCapableBeanFactory.predictBeanType(Ljava/lang/String;Lorg/springframework/beans/factory/support/RootBeanDefinition;
Event: 75.066 Thread 0x0000019b6c347450 DEOPT PACKING pc=0x0000019b07c69d88 sp=0x0000003b9b0fba40
Event: 75.066 Thread 0x0000019b6c347450 DEOPT UNPACKING pc=0x0000019b000523a3 sp=0x0000003b9b0fba18 mode 2
Event: 75.255 Thread 0x0000019b6c347450 Uncommon trap: trap_request=0xffffff45 fr.pc=0x0000019b07c24eec relative=0x000000000000022c
Event: 75.255 Thread 0x0000019b6c347450 Uncommon trap: reason=unstable_if action=reinterpret pc=0x0000019b07c24eec method=org.springframework.util.ConcurrentReferenceHashMap$Segment.findInChain(Lorg/springframework/util/ConcurrentReferenceHashMap$Reference;Ljava/lang/Object;I)Lorg/springframewo
Event: 75.255 Thread 0x0000019b6c347450 DEOPT PACKING pc=0x0000019b07c24eec sp=0x0000003b9b0fa820
Event: 75.255 Thread 0x0000019b6c347450 DEOPT UNPACKING pc=0x0000019b000523a3 sp=0x0000003b9b0fa7c8 mode 2

Classes loaded (20 events):
Event: 75.176 Loading class java/lang/ObjectCustomizer
Event: 75.176 Loading class java/lang/ObjectCustomizer done
Event: 75.176 Loading class java/lang/ObjectCustomizer
Event: 75.176 Loading class java/lang/ObjectCustomizer done
Event: 75.184 Loading class java/lang/ObjectCustomizer
Event: 75.184 Loading class java/lang/ObjectCustomizer done
Event: 75.184 Loading class java/lang/ObjectCustomizer
Event: 75.184 Loading class java/lang/ObjectCustomizer done
Event: 75.206 Loading class java/lang/ObjectCustomizer
Event: 75.206 Loading class java/lang/ObjectCustomizer done
Event: 75.207 Loading class java/lang/ObjectCustomizer
Event: 75.207 Loading class java/lang/ObjectCustomizer done
Event: 75.255 Loading class java/lang/ObjectCustomizer
Event: 75.255 Loading class java/lang/ObjectCustomizer done
Event: 75.256 Loading class java/lang/ObjectCustomizer
Event: 75.256 Loading class java/lang/ObjectCustomizer done
Event: 75.346 Loading class java/lang/ObjectCustomizer
Event: 75.346 Loading class java/lang/ObjectCustomizer done
Event: 75.346 Loading class java/lang/ObjectCustomizer
Event: 75.346 Loading class java/lang/ObjectCustomizer done

Classes unloaded (0 events):
No events

Classes redefined (0 events):
No events

Internal exceptions (20 events):
Event: 75.188 Thread 0x0000019b6c347450 Exception <a 'java/lang/ClassNotFoundException'{0x00000007125bd9a0}: org/springframework/beans/factory/BeanFactoryAwareCustomizer> (0x00000007125bd9a0) 
thrown [t:\workspace\open\src\hotspot\share\classfile\systemDictionary.cpp, line 255]
Event: 75.189 Thread 0x0000019b6c347450 Exception <a 'java/lang/ClassNotFoundException'{0x00000007125c3098}: org/springframework/beans/factory/AwareCustomizer> (0x00000007125c3098) 
thrown [t:\workspace\open\src\hotspot\share\classfile\systemDictionary.cpp, line 255]
Event: 75.207 Thread 0x0000019b6c347450 Exception <a 'java/lang/ClassNotFoundException'{0x00000007125f98b0}: java/lang/ObjectCustomizer> (0x00000007125f98b0) 
thrown [t:\workspace\open\src\hotspot\share\classfile\systemDictionary.cpp, line 255]
Event: 75.209 Thread 0x0000019b6c347450 Exception <a 'java/lang/ClassNotFoundException'{0x0000000712002608}: org/springframework/transaction/annotation/AbstractTransactionManagementConfigurationCustomizer> (0x0000000712002608) 
thrown [t:\workspace\open\src\hotspot\share\classfile\systemDictionary.cpp, line 255]
Event: 75.213 Thread 0x0000019b6c347450 Exception <a 'java/lang/ClassNotFoundException'{0x000000071200a078}: org/springframework/transaction/annotation/ProxyTransactionManagementConfigurationCustomizer> (0x000000071200a078) 
thrown [t:\workspace\open\src\hotspot\share\classfile\systemDictionary.cpp, line 255]
Event: 75.217 Thread 0x0000019b6c347450 Exception <a 'java/lang/ClassNotFoundException'{0x0000000712012b88}: org/springframework/context/annotation/ImportAwareCustomizer> (0x0000000712012b88) 
thrown [t:\workspace\open\src\hotspot\share\classfile\systemDictionary.cpp, line 255]
Event: 75.219 Thread 0x0000019b6c347450 Exception <a 'java/lang/ClassNotFoundException'{0x0000000712018828}: org/springframework/beans/factory/AwareCustomizer> (0x0000000712018828) 
thrown [t:\workspace\open\src\hotspot\share\classfile\systemDictionary.cpp, line 255]
Event: 75.256 Thread 0x0000019b6c347450 Exception <a 'java/lang/ClassNotFoundException'{0x000000071204dfb8}: java/lang/ObjectCustomizer> (0x000000071204dfb8) 
thrown [t:\workspace\open\src\hotspot\share\classfile\systemDictionary.cpp, line 255]
Event: 75.259 Thread 0x0000019b6c347450 Exception <a 'java/lang/ClassNotFoundException'{0x0000000712056830}: org/springframework/transaction/interceptor/AbstractFallbackTransactionAttributeSourceCustomizer> (0x0000000712056830) 
thrown [t:\workspace\open\src\hotspot\share\classfile\systemDictionary.cpp, line 255]
Event: 75.267 Thread 0x0000019b6c347450 Exception <a 'java/lang/ClassNotFoundException'{0x000000071205ee70}: org/springframework/transaction/annotation/AnnotationTransactionAttributeSourceCustomizer> (0x000000071205ee70) 
thrown [t:\workspace\open\src\hotspot\share\classfile\systemDictionary.cpp, line 255]
Event: 75.272 Thread 0x0000019b6c347450 Exception <a 'java/lang/ClassNotFoundException'{0x00000007120686a0}: org/springframework/transaction/interceptor/TransactionAttributeSourceCustomizer> (0x00000007120686a0) 
thrown [t:\workspace\open\src\hotspot\share\classfile\systemDictionary.cpp, line 255]
Event: 75.274 Thread 0x0000019b6c347450 Exception <a 'java/lang/ClassNotFoundException'{0x000000071206f7f0}: org/springframework/context/EmbeddedValueResolverAwareCustomizer> (0x000000071206f7f0) 
thrown [t:\workspace\open\src\hotspot\share\classfile\systemDictionary.cpp, line 255]
Event: 75.279 Thread 0x0000019b6c347450 Exception <a 'java/lang/ClassNotFoundException'{0x00000007120754d0}: org/springframework/beans/factory/AwareCustomizer> (0x00000007120754d0) 
thrown [t:\workspace\open\src\hotspot\share\classfile\systemDictionary.cpp, line 255]
Event: 75.347 Thread 0x0000019b6c347450 Exception <a 'java/lang/ClassNotFoundException'{0x00000007120cd1d0}: java/lang/ObjectCustomizer> (0x00000007120cd1d0) 
thrown [t:\workspace\open\src\hotspot\share\classfile\systemDictionary.cpp, line 255]
Event: 75.356 Thread 0x0000019b6c347450 Exception <a 'java/lang/ClassNotFoundException'{0x00000007120d55e8}: org/springframework/transaction/interceptor/TransactionAspectSupportCustomizer> (0x00000007120d55e8) 
thrown [t:\workspace\open\src\hotspot\share\classfile\systemDictionary.cpp, line 255]
Event: 75.367 Thread 0x0000019b6c347450 Exception <a 'java/lang/ClassNotFoundException'{0x00000007120e4600}: org/springframework/transaction/interceptor/TransactionInterceptorCustomizer> (0x00000007120e4600) 
thrown [t:\workspace\open\src\hotspot\share\classfile\systemDictionary.cpp, line 255]
Event: 75.375 Thread 0x0000019b6c347450 Exception <a 'java/lang/ClassNotFoundException'{0x00000007120efc08}: org/aopalliance/intercept/MethodInterceptorCustomizer> (0x00000007120efc08) 
thrown [t:\workspace\open\src\hotspot\share\classfile\systemDictionary.cpp, line 255]
Event: 75.379 Thread 0x0000019b6c347450 Exception <a 'java/lang/ClassNotFoundException'{0x00000007120f5180}: org/aopalliance/intercept/InterceptorCustomizer> (0x00000007120f5180) 
thrown [t:\workspace\open\src\hotspot\share\classfile\systemDictionary.cpp, line 255]
Event: 75.382 Thread 0x0000019b6c347450 Exception <a 'java/lang/ClassNotFoundException'{0x00000007120f9868}: org/aopalliance/aop/AdviceCustomizer> (0x00000007120f9868) 
thrown [t:\workspace\open\src\hotspot\share\classfile\systemDictionary.cpp, line 255]
Event: 75.392 Thread 0x0000019b6c347450 Exception <a 'java/lang/ClassNotFoundException'{0x00000007120fe4e0}: org/springframework/beans/factory/BeanFactoryAwareCustomizer> (0x00000007120fe4e0) 
thrown [t:\workspace\open\src\hotspot\share\classfile\systemDictionary.cpp, line 255]

VM Operations (20 events):
Event: 73.475 Executing VM operation: HandshakeAllThreads
Event: 73.475 Executing VM operation: HandshakeAllThreads done
Event: 73.573 Executing VM operation: HandshakeAllThreads
Event: 73.573 Executing VM operation: HandshakeAllThreads done
Event: 73.579 Executing VM operation: ICBufferFull
Event: 73.580 Executing VM operation: ICBufferFull done
Event: 74.106 Executing VM operation: HandshakeAllThreads
Event: 74.106 Executing VM operation: HandshakeAllThreads done
Event: 74.464 Executing VM operation: HandshakeAllThreads
Event: 74.464 Executing VM operation: HandshakeAllThreads done
Event: 74.466 Executing VM operation: HandshakeAllThreads
Event: 74.466 Executing VM operation: HandshakeAllThreads done
Event: 74.645 Executing VM operation: G1CollectForAllocation
Event: 74.669 Executing VM operation: G1CollectForAllocation done
Event: 74.962 Executing VM operation: CollectForMetadataAllocation
Event: 74.974 Executing VM operation: CollectForMetadataAllocation done
Event: 75.016 Executing VM operation: G1Concurrent
Event: 75.027 Executing VM operation: G1Concurrent done
Event: 75.027 Executing VM operation: G1Concurrent
Event: 75.028 Executing VM operation: G1Concurrent done

Events (20 events):
Event: 2.977 Thread 0x0000019b141ae040 Thread added: 0x0000019b141ae040
Event: 3.233 Thread 0x0000019b141ad1d0 Thread exited: 0x0000019b141ad1d0
Event: 3.240 Thread 0x0000019b144d4020 Thread exited: 0x0000019b144d4020
Event: 3.241 Thread 0x0000019b141ae040 Thread exited: 0x0000019b141ae040
Event: 4.268 Thread 0x0000019b141adb70 Thread added: 0x0000019b141adb70
Event: 62.754 Thread 0x0000019b141aeeb0 Thread added: 0x0000019b141aeeb0
Event: 62.762 Thread 0x0000019b141ae040 Thread added: 0x0000019b141ae040
Event: 62.763 Thread 0x0000019b141af380 Thread added: 0x0000019b141af380
Event: 62.763 Thread 0x0000019b141adb70 Thread exited: 0x0000019b141adb70
Event: 66.873 Thread 0x0000019b13da7a30 Thread added: 0x0000019b13da7a30
Event: 67.284 Thread 0x0000019b13da7a30 Thread exited: 0x0000019b13da7a30
Event: 69.507 Thread 0x0000019b13b366d0 Thread added: 0x0000019b13b366d0
Event: 69.605 Loaded shared library D:\jdk-18\bin\management.dll
Event: 69.616 Loaded shared library D:\jdk-18\bin\management_ext.dll
Event: 69.680 Thread 0x0000019b13b366d0 Thread exited: 0x0000019b13b366d0
Event: 69.785 Thread 0x0000019b141abe90 Thread added: 0x0000019b141abe90
Event: 70.715 Thread 0x0000019b141abe90 Thread exited: 0x0000019b141abe90
Event: 70.737 Thread 0x0000019b141adb70 Thread added: 0x0000019b141adb70
Event: 70.840 Thread 0x0000019b141adb70 Thread exited: 0x0000019b141adb70
Event: 74.825 Thread 0x0000019b13cd6960 Thread added: 0x0000019b13cd6960


Dynamic libraries:
0x00007ff693560000 - 0x00007ff69356e000 	D:\jdk-18\bin\java.exe
0x00007fffe3400000 - 0x00007fffe3609000 	C:\WINDOWS\SYSTEM32\ntdll.dll
0x00007fffe3300000 - 0x00007fffe33bd000 	C:\WINDOWS\System32\KERNEL32.DLL
0x00007fffe08e0000 - 0x00007fffe0c59000 	C:\WINDOWS\System32\KERNELBASE.dll
0x00007fffe1080000 - 0x00007fffe1191000 	C:\WINDOWS\System32\ucrtbase.dll
0x00007fffc5a00000 - 0x00007fffc5a17000 	D:\jdk-18\bin\jli.dll
0x00007fffc58c0000 - 0x00007fffc58da000 	D:\jdk-18\bin\VCRUNTIME140.dll
0x00007fffe1ab0000 - 0x00007fffe1c5c000 	C:\WINDOWS\System32\USER32.dll
0x00007fffc89a0000 - 0x00007fffc8c45000 	C:\WINDOWS\WinSxS\amd64_microsoft.windows.common-controls_6595b64144ccf1df_6.0.22000.120_none_9d947278b86cc467\COMCTL32.dll
0x00007fffe0e70000 - 0x00007fffe0e96000 	C:\WINDOWS\System32\win32u.dll
0x00007fffe22d0000 - 0x00007fffe2373000 	C:\WINDOWS\System32\msvcrt.dll
0x00007fffe2240000 - 0x00007fffe2269000 	C:\WINDOWS\System32\GDI32.dll
0x00007fffe0ea0000 - 0x00007fffe0fb2000 	C:\WINDOWS\System32\gdi32full.dll
0x00007fffe0c60000 - 0x00007fffe0cfd000 	C:\WINDOWS\System32\msvcp_win.dll
0x00007fffe32c0000 - 0x00007fffe32f1000 	C:\WINDOWS\System32\IMM32.DLL
0x00007fffc72a0000 - 0x00007fffc72ac000 	D:\jdk-18\bin\vcruntime140_1.dll
0x00007fffc20d0000 - 0x00007fffc215d000 	D:\jdk-18\bin\msvcp140.dll
0x00007fff35180000 - 0x00007fff35d91000 	D:\jdk-18\bin\server\jvm.dll
0x00007fffe2380000 - 0x00007fffe242e000 	C:\WINDOWS\System32\ADVAPI32.dll
0x00007fffe21a0000 - 0x00007fffe223e000 	C:\WINDOWS\System32\sechost.dll
0x00007fffe1f90000 - 0x00007fffe20b0000 	C:\WINDOWS\System32\RPCRT4.dll
0x00007fffe17d0000 - 0x00007fffe17d8000 	C:\WINDOWS\System32\PSAPI.DLL
0x00007fffdb580000 - 0x00007fffdb5b3000 	C:\WINDOWS\SYSTEM32\WINMM.dll
0x00007fffbfd00000 - 0x00007fffbfd09000 	C:\WINDOWS\SYSTEM32\WSOCK32.dll
0x00007fffdaca0000 - 0x00007fffdacaa000 	C:\WINDOWS\SYSTEM32\VERSION.dll
0x00007fffe3240000 - 0x00007fffe32af000 	C:\WINDOWS\System32\WS2_32.dll
0x00007fffdf9a0000 - 0x00007fffdf9b8000 	C:\WINDOWS\SYSTEM32\kernel.appcore.dll
0x00007fffdcd10000 - 0x00007fffdcd1a000 	D:\jdk-18\bin\jimage.dll
0x00007fffde3c0000 - 0x00007fffde5e1000 	C:\WINDOWS\SYSTEM32\DBGHELP.DLL
0x00007fffc88c0000 - 0x00007fffc88f1000 	C:\WINDOWS\SYSTEM32\dbgcore.DLL
0x00007fffe1210000 - 0x00007fffe128f000 	C:\WINDOWS\System32\bcryptPrimitives.dll
0x00007fffc7140000 - 0x00007fffc714e000 	D:\jdk-18\bin\instrument.dll
0x00007fffc8230000 - 0x00007fffc8255000 	D:\jdk-18\bin\java.dll
0x00007fffc58e0000 - 0x00007fffc59b6000 	D:\jdk-18\bin\jsvml.dll
0x00007fffe2a80000 - 0x00007fffe3238000 	C:\WINDOWS\System32\SHELL32.dll
0x00007fffde9c0000 - 0x00007fffdf227000 	C:\WINDOWS\SYSTEM32\windows.storage.dll
0x00007fffe1450000 - 0x00007fffe17c9000 	C:\WINDOWS\System32\combase.dll
0x00007fffde850000 - 0x00007fffde9b6000 	C:\WINDOWS\SYSTEM32\wintypes.dll
0x00007fffe1860000 - 0x00007fffe194a000 	C:\WINDOWS\System32\SHCORE.dll
0x00007fffe2270000 - 0x00007fffe22cd000 	C:\WINDOWS\System32\shlwapi.dll
0x00007fffe0810000 - 0x00007fffe0831000 	C:\WINDOWS\SYSTEM32\profapi.dll
0x00007fffc6070000 - 0x00007fffc6088000 	D:\jdk-18\bin\zip.dll
0x00007fffc6350000 - 0x00007fffc6363000 	D:\jdk-18\bin\net.dll
0x00007fffdb920000 - 0x00007fffdba2c000 	C:\WINDOWS\SYSTEM32\WINHTTP.dll
0x00007fffdfdc0000 - 0x00007fffdfe27000 	C:\WINDOWS\system32\mswsock.dll
0x00007fffc61b0000 - 0x00007fffc61c6000 	D:\jdk-18\bin\nio.dll
0x00007fffbeff0000 - 0x00007fffbf00a000 	D:\Program Files (x86)\IntelliJ IDEA Community Edition\bin\breakgen64.dll
0x00007fffdb620000 - 0x00007fffdb630000 	D:\jdk-18\bin\verify.dll
0x00007fffe0090000 - 0x00007fffe00a8000 	C:\WINDOWS\SYSTEM32\CRYPTSP.dll
0x00007fffdf900000 - 0x00007fffdf935000 	C:\WINDOWS\system32\rsaenh.dll
0x00007fffdfe60000 - 0x00007fffdfe89000 	C:\WINDOWS\SYSTEM32\USERENV.dll
0x00007fffe0240000 - 0x00007fffe0267000 	C:\WINDOWS\SYSTEM32\bcrypt.dll
0x00007fffdffb0000 - 0x00007fffdffbc000 	C:\WINDOWS\SYSTEM32\CRYPTBASE.dll
0x00007fffdf4c0000 - 0x00007fffdf4ed000 	C:\WINDOWS\SYSTEM32\IPHLPAPI.DLL
0x00007fffe20b0000 - 0x00007fffe20b9000 	C:\WINDOWS\System32\NSI.dll
0x00007fffdb5c0000 - 0x00007fffdb5d9000 	C:\WINDOWS\SYSTEM32\dhcpcsvc6.DLL
0x00007fffdc1a0000 - 0x00007fffdc1be000 	C:\WINDOWS\SYSTEM32\dhcpcsvc.DLL
0x00007fffdf540000 - 0x00007fffdf628000 	C:\WINDOWS\SYSTEM32\DNSAPI.dll
0x00007fffd9790000 - 0x00007fffd979a000 	C:\Windows\System32\rasadhlp.dll
0x00007fffda040000 - 0x00007fffda0c1000 	C:\WINDOWS\System32\fwpuclnt.dll
0x00007fffc61a0000 - 0x00007fffc61a9000 	D:\jdk-18\bin\management.dll
0x00007fffc5cf0000 - 0x00007fffc5cfb000 	D:\jdk-18\bin\management_ext.dll
0x00007fffc0ff0000 - 0x00007fffc1007000 	C:\WINDOWS\system32\napinsp.dll
0x00007fffc0fd0000 - 0x00007fffc0feb000 	C:\WINDOWS\system32\pnrpnsp.dll
0x00007fffc0fb0000 - 0x00007fffc0fc2000 	C:\WINDOWS\System32\winrnr.dll
0x00007fffc0f90000 - 0x00007fffc0fa5000 	C:\WINDOWS\system32\wshbth.dll
0x00007fffc0f70000 - 0x00007fffc0f8f000 	C:\WINDOWS\system32\nlansp_c.dll

dbghelp: loaded successfully - version: 4.0.5 - missing functions: none
symbol engine: initialized successfully - sym options: 0x614 - pdb path: .;D:\jdk-18\bin;C:\WINDOWS\SYSTEM32;C:\WINDOWS\WinSxS\amd64_microsoft.windows.common-controls_6595b64144ccf1df_6.0.22000.120_none_9d947278b86cc467;D:\jdk-18\bin\server;D:\Program Files (x86)\IntelliJ IDEA Community Edition\bin

VM Arguments:
jvm_args: -Dvisualvm.id=340627243199800 -ea -Didea.test.cyclic.buffer.size=1048576 -javaagent:D:\Program Files (x86)\IntelliJ IDEA Community Edition\lib\idea_rt.jar=61084:D:\Program Files (x86)\IntelliJ IDEA Community Edition\bin -Dfile.encoding=UTF-8 
java_command: com.intellij.rt.junit.JUnitStarter -ideVersion5 -junit5 dev.fullstackcode.eis.DepartmentControllerIT,testGetDepartmentById
java_class_path (initial): C:\Users\deepika\.m2\repository\org\junit\platform\junit-platform-launcher\1.8.2\junit-platform-launcher-1.8.2.jar;C:\Users\deepika\.m2\repository\org\junit\vintage\junit-vintage-engine\5.8.2\junit-vintage-engine-5.8.2.jar;D:\Program Files (x86)\IntelliJ IDEA Community Edition\lib\idea_rt.jar;D:\Program Files (x86)\IntelliJ IDEA Community Edition\plugins\junit\lib\junit5-rt.jar;D:\Program Files (x86)\IntelliJ IDEA Community Edition\plugins\junit\lib\junit-rt.jar;D:\IdeaProjects\springboot-testcontainers-oracle\target\test-classes;D:\IdeaProjects\springboot-testcontainers-oracle\target\classes;C:\Users\deepika\.m2\repository\org\springframework\boot\spring-boot-starter-data-jpa\2.7.1\spring-boot-starter-data-jpa-2.7.1.jar;C:\Users\deepika\.m2\repository\org\springframework\boot\spring-boot-starter-aop\2.7.1\spring-boot-starter-aop-2.7.1.jar;C:\Users\deepika\.m2\repository\org\springframework\spring-aop\5.3.21\spring-aop-5.3.21.jar;C:\Users\deepika\.m2\repository\org\aspectj\aspectjweaver\1.9.7\aspectjweaver-1.9.7.jar;C:\Users\deepika\.m2\repository\org\springframework\boot\spring-boot-starter-jdbc\2.7.1\spring-boot-starter-jdbc-2.7.1.jar;C:\Users\deepika\.m2\repository\com\zaxxer\HikariCP\4.0.3\HikariCP-4.0.3.jar;C:\Users\deepika\.m2\repository\org\springframework\spring-jdbc\5.3.21\spring-jdbc-5.3.21.jar;C:\Users\deepika\.m2\repository\jakarta\transaction\jakarta.transaction-api\1.3.3\jakarta.transaction-api-1.3.3.jar;C:\Users\deepika\.m2\repository\jakarta\persistence\jakarta.persistence-api\2.2.3\jakarta.persistence-api-2.2.3.jar;C:\Users\deepika\.m2\repository\org\hibernate\hibernate-core\5.6.9.Final\hibernate-core-5.6.9.Final.jar;C:\Users\deepika\.m2\repository\org\jboss\logging\jboss-logging\3.4.3.Final\jboss-logging-3.4.3.Final.jar;C:\Users\deepika\.m2\repository\net\bytebuddy\byte-buddy\1.12.11\byte-buddy-1.12.11.jar;C:\Users\deepika\.m2\repository\antlr\antlr\2.7.7\antlr-2.7.7.jar;C:\Users\deepika\.m2\repository\org\jboss\jandex\2.4.2.Final\jandex-2.4.2.Final.jar;C:\Users\deepika\.m2\repository\com\fasterxml\classmate\1.5.1\classmate-1.5.1.jar;C:\Users\deepika\.m2\repository\org\hibernate\common\hibernate-commons-annotations\5.1.2.Final\hibernate-commons-annotations-5.1.2.Final.jar;C:\Users\deepika\.m2\repository\org\glassfish\jaxb\jaxb-runtime\2.3.6\jaxb-runtime-2.3.6.jar;C:\Users\deepika\.m2\repository\org\glassfish\jaxb\txw2\2.3.6\txw2-2.3.6.jar;C:\Users\deepika\.m2\repository\com\sun\istack\istack-commons-runtime\3.0.12\istack-commons-runtime-3.0.12.jar;C:\Users\deepika\.m2\repository\com\sun\activation\jakarta.activation\1.2.2\jakarta.activation-1.2.2.jar;C:\Users\deepika\.m2\repository\org\springframework\data\spring-data-jpa\2.7.1\spring-data-jpa-2.7.1.jar;C:\Users\deepika\.m2\repository\org\springframework\data\spring-data-commons\2.7.1\spring-data-commons-2.7.1.jar;C:\Users\deepika\.m2\repository\org\springframework\spring-orm\5.3.21\spring-orm-5.3.21.jar;C:\Users\deepika\.m2\repository\org\springframework\spring-context\5.3.21\spring-context-5.3.21.jar;C:\Users\deepika\.m2\repository\org\springframework\spring-tx\5.3.21\spring-tx-5.3.21.jar;C:\Users\deepika\.m2\repository\org\springframework\spring-beans\5.3.21\spring-beans-5.3.21.jar;C:\Users\deepika\.m2\repository\org\slf4j\slf4j-api\1.7.36\slf4j-api-1.7.36.jar;C:\Users\deepika\.m2\repository\org\springframework\spring-aspects\5.3.21\spring-aspects-5.3.21.jar;C:\Users\deepika\.m2\repository\org\springframework\boot\spring-boot-starter-web\2.7.1\spring-boot-starter-web-2.7.1.jar;C:\Users\deepika\.m2\repository\org\springframework\boot\spring-boot-starter\2.7.1\spring-boot-starter-2.7.1.jar;C:\Users\deepika\.m2\repository\org\springframework\boot\spring-boot\2.7.1\spring-boot-2.7.1.jar;C:\Users\deepika\.m2\repository\org\springframework\boot\spring-boot-autoconfigure\2.7.1\spring-boot-autoconfigure-2.7.1.jar;C:\Users\deepika\.m2\repository\org\springframework\boot\spring-boot-starter-logging\2.7.1\spring-boot-starter-logging-2.7.1.jar;C:\Users\deepika\.m2\repository\ch\qos\logback\logback-classic\1.2.11\logback-classic-1.2.11.jar;C:\Users\deepika\.m2\repository\ch\qos\logback\logback-core\1.2.11\logback-core-1.2.11.jar;C:\Users\deepika\.m2\repository\org\apache\logging\log4j\log4j-to-slf4j\2.17.2\log4j-to-slf4j-2.17.2.jar;C:\Users\deepika\.m2\repository\org\apache\logging\log4j\log4j-api\2.17.2\log4j-api-2.17.2.jar;C:\Users\deepika\.m2\repository\org\slf4j\jul-to-slf4j\1.7.36\jul-to-slf4j-1.7.36.jar;C:\Users\deepika\.m2\repository\jakarta\annotation\jakarta.annotation-api\1.3.5\jakarta.annotation-api-1.3.5.jar;C:\Users\deepika\.m2\repository\org\yaml\snakeyaml\1.30\snakeyaml-1.30.jar;C:\Users\deepika\.m2\repository\org\springframework\boot\spring-boot-starter-json\2.7.1\spring-boot-starter-json-2.7.1.jar;C:\Users\deepika\.m2\repository\com\fasterxml\jackson\core\jackson-databind\2.13.3\jackson-databind-2.13.3.jar;C:\Users\deepika\.m2\repository\com\fasterxml\jackson\core\jackson-annotations\2.13.3\jackson-annotations-2.13.3.jar;C:\Users\deepika\.m2\repository\com\fasterxml\jackson\core\jackson-core\2.13.3\jackson-core-2.13.3.jar;C:\Users\deepika\.m2\repository\com\fasterxml\jackson\datatype\jackson-datatype-jdk8\2.13.3\jackson-datatype-jdk8-2.13.3.jar;C:\Users\deepika\.m2\repository\com\fasterxml\jackson\datatype\jackson-datatype-jsr310\2.13.3\jackson-datatype-jsr310-2.13.3.jar;C:\Users\deepika\.m2\repository\com\fasterxml\jackson\module\jackson-module-parameter-names\2.13.3\jackson-module-parameter-names-2.13.3.jar;C:\Users\deepika\.m2\repository\org\springframework\boot\spring-boot-starter-tomcat\2.7.1\spring-boot-starter-tomcat-2.7.1.jar;C:\Users\deepika\.m2\repository\org\apache\tomcat\embed\tomcat-embed-core\9.0.64\tomcat-embed-core-9.0.64.jar;C:\Users\deepika\.m2\repository\org\apache\tomcat\embed\tomcat-embed-el\9.0.64\tomcat-embed-el-9.0.64.jar;C:\Users\deepika\.m2\repository\org\apache\tomcat\embed\tomcat-embed-websocket\9.0.64\tomcat-embed-websocket-9.0.64.jar;C:\Users\deepika\.m2\repository\org\springframework\spring-web\5.3.21\spring-web-5.3.21.jar;C:\Users\deepika\.m2\repository\org\springframework\spring-webmvc\5.3.21\spring-webmvc-5.3.21.jar;C:\Users\deepika\.m2\repository\org\springframework\spring-expression\5.3.21\spring-expression-5.3.21.jar;C:\Users\deepika\.m2\repository\com\oracle\database\jdbc\ojdbc8\21.5.0.0\ojdbc8-21.5.0.0.jar;C:\Users\deepika\.m2\repository\org\projectlombok\lombok\1.18.24\lombok-1.18.24.jar;C:\Users\deepika\.m2\repository\org\springframework\boot\spring-boot-starter-test\2.7.1\spring-boot-starter-test-2.7.1.jar;C:\Users\deepika\.m2\repository\org\springframework\boot\spring-boot-test\2.7.1\spring-boot-test-2.7.1.jar;C:\Users\deepika\.m2\repository\org\springframework\boot\spring-boot-test-autoconfigure\2.7.1\spring-boot-test-autoconfigure-2.7.1.jar;C:\Users\deepika\.m2\repository\com\jayway\jsonpath\json-path\2.7.0\json-path-2.7.0.jar;C:\Users\deepika\.m2\repository\net\minidev\json-smart\2.4.8\json-smart-2.4.8.jar;C:\Users\deepika\.m2\repository\net\minidev\accessors-smart\2.4.8\accessors-smart-2.4.8.jar;C:\Users\deepika\.m2\repository\org\ow2\asm\asm\9.1\asm-9.1.jar;C:\Users\deepika\.m2\repository\jakarta\xml\bind\jakarta.xml.bind-api\2.3.3\jakarta.xml.bind-api-2.3.3.jar;C:\Users\deepika\.m2\repository\jakarta\activation\jakarta.activation-api\1.2.2\jakarta.activation-api-1.2.2.jar;C:\Users\deepika\.m2\repository\org\assertj\assertj-core\3.22.0\assertj-core-3.22.0.jar;C:\Users\deepika\.m2\repository\org\hamcrest\hamcrest\2.2\hamcrest-2.2.jar;C:\Users\deepika\.m2\repository\org\junit\jupiter\junit-jupiter\5.8.2\junit-jupiter-5.8.2.jar;C:\Users\deepika\.m2\repository\org\junit\jupiter\junit-jupiter-params\5.8.2\junit-jupiter-params-5.8.2.jar;C:\Users\deepika\.m2\repository\org\junit\jupiter\junit-jupiter-engine\5.8.2\junit-jupiter-engine-5.8.2.jar;C:\Users\deepika\.m2\repository\org\junit\platform\junit-platform-engine\1.8.2\junit-platform-engine-1.8.2.jar;C:\Users\deepika\.m2\repository\org\mockito\mockito-core\4.5.1\mockito-core-4.5.1.jar;C:\Users\deepika\.m2\repository\net\bytebuddy\byte-buddy-agent\1.12.11\byte-buddy-agent-1.12.11.jar;C:\Users\deepika\.m2\repository\org\objenesis\objenesis\3.2\objenesis-3.2.jar;C:\Users\deepika\.m2\repository\org\mockito\mockito-junit-jupiter\4.5.1\mockito-junit-jupiter-4.5.1.jar;C:\Users\deepika\.m2\repository\org\skyscreamer\jsonassert\1.5.0\jsonassert-1.5.0.jar;C:\Users\deepika\.m2\repository\com\vaadin\external\google\android-json\0.0.20131108.vaadin1\android-json-0.0.20131108.vaadin1.jar;C:\Users\deepika\.m2\repository\org\springframework\spring-core\5.3.21\spring-core-5.3.21.jar;C:\Users\deepika\.m2\repository\org\springframework\spring-jcl\5.3.21\spring-jcl-5.3.21.jar;C:\Users\deepika\.m2\repository\org\springframework\spring-test\5.3.21\spring-test-5.3.21.jar;C:\Users\deepika\.m2\repository\org\xmlunit\xmlunit-core\2.9.0\xmlunit-core-2.9.0.jar;C:\Users\deepika\.m2\repository\org\testcontainers\junit-jupiter\1.17.2\junit-jupiter-1.17.2.jar;C:\Users\deepika\.m2\repository\org\testcontainers\testcontainers\1.17.2\testcontainers-1.17.2.jar;C:\Users\deepika\.m2\repository\junit\junit\4.13.2\junit-4.13.2.jar;C:\Users\deepika\.m2\repository\org\hamcrest\hamcrest-core\2.2\hamcrest-core-2.2.jar;C:\Users\deepika\.m2\repository\org\apache\commons\commons-compress\1.21\commons-compress-1.21.jar;C:\Users\deepika\.m2\repository\org\rnorth\duct-tape\duct-tape\1.0.8\duct-tape-1.0.8.jar;C:\Users\deepika\.m2\repository\org\jetbrains\annotations\17.0.0\annotations-17.0.0.jar;C:\Users\deepika\.m2\repository\com\github\docker-java\docker-java-api\3.2.13\docker-java-api-3.2.13.jar;C:\Users\deepika\.m2\repository\com\github\docker-java\docker-java-transport-zerodep\3.2.13\docker-java-transport-zerodep-3.2.13.jar;C:\Users\deepika\.m2\repository\com\github\docker-java\docker-java-transport\3.2.13\docker-java-transport-3.2.13.jar;C:\Users\deepika\.m2\repository\net\java\dev\jna\jna\5.8.0\jna-5.8.0.jar;C:\Users\deepika\.m2\repository\org\junit\jupiter\junit-jupiter-api\5.8.2\junit-jupiter-api-5.8.2.jar;C:\Users\deepika\.m2\repository\org\opentest4j\opentest4j\1.2.0\opentest4j-1.2.0.jar;C:\Users\deepika\.m2\repository\org\junit\platform\junit-platform-commons\1.8.2\junit-platform-commons-1.8.2.jar;C:\Users\deepika\.m2\repository\org\apiguardian\apiguardian-api\1.1.2\apiguardian-api-1.1.2.jar;C:\Users\deepika\.m2\repository\org\testcontainers\oracle-xe\1.17.3\oracle-xe-1.17.3.jar;C:\Users\deepika\.m2\repository\org\testcontainers\jdbc\1.17.2\jdbc-1.17.2.jar;C:\Users\deepika\.m2\repository\org\testcontainers\database-commons\1.17.2\database-commons-1.17.2.jar
Launcher Type: SUN_STANDARD

[Global flags]
     intx CICompilerCount                          = 4                                         {product} {ergonomic}
     uint ConcGCThreads                            = 2                                         {product} {ergonomic}
     uint G1ConcRefinementThreads                  = 8                                         {product} {ergonomic}
   size_t G1HeapRegionSize                         = 2097152                                   {product} {ergonomic}
    uintx GCDrainStackTargetSize                   = 64                                        {product} {ergonomic}
   size_t InitialHeapSize                          = 266338304                                 {product} {ergonomic}
   size_t MarkStackSize                            = 4194304                                   {product} {ergonomic}
   size_t MaxHeapSize                              = 4253024256                                {product} {ergonomic}
   size_t MaxNewSize                               = 2550136832                                {product} {ergonomic}
   size_t MinHeapDeltaBytes                        = 2097152                                   {product} {ergonomic}
   size_t MinHeapSize                              = 8388608                                   {product} {ergonomic}
    uintx NonNMethodCodeHeapSize                   = 5839372                                {pd product} {ergonomic}
    uintx NonProfiledCodeHeapSize                  = 122909434                              {pd product} {ergonomic}
    uintx ProfiledCodeHeapSize                     = 122909434                              {pd product} {ergonomic}
    uintx ReservedCodeCacheSize                    = 251658240                              {pd product} {ergonomic}
     bool SegmentedCodeCache                       = true                                      {product} {ergonomic}
   size_t SoftMaxHeapSize                          = 4253024256                             {manageable} {ergonomic}
     bool UseCompressedClassPointers               = true                           {product lp64_product} {ergonomic}
     bool UseCompressedOops                        = true                           {product lp64_product} {ergonomic}
     bool UseG1GC                                  = true                                      {product} {ergonomic}
     bool UseLargePagesIndividualAllocation        = false                                  {pd product} {ergonomic}

Logging:
Log output configuration:
 #0: stdout all=warning uptime,level,tags foldmultilines=false
 #1: stderr all=off uptime,level,tags foldmultilines=false

Environment Variables:
JAVA_HOME=D:\jdk-18
PATH=C:\Program Files (x86)\VMware\VMware Player\bin\;C:\Program Files (x86)\Microsoft SDKs\Azure\CLI2\wbin;C:\Windows\system32;C:\Windows;C:\Windows\System32\Wbem;C:\Windows\System32\WindowsPowerShell\v1.0\;C:\Windows\System32\OpenSSH\;C:\Program Files (x86)\NVIDIA Corporation\PhysX\Common;C:\Program Files\NVIDIA Corporation\NVIDIA NvDLISR;C:\Program Files\Microsoft VS Code\bin;C:\Program Files\Git\cmd;C:\Program Files\Intel\WiFi\bin\;C:\Program Files\Common Files\Intel\WirelessCommon\;C:\Users\deepika\Downloads;C:\Users\deepika\AppData\Local\Packages\PythonSoftwareFoundation.Python.3.8_qbz5n2kfra8p0\LocalCache\local-packages\Python38\Scripts;C:\apache-maven-3.8.2\bin;C:\WINDOWS\system32;C:\WINDOWS;C:\WINDOWS\System32\Wbem;C:\WINDOWS\System32\WindowsPowerShell\v1.0\;C:\WINDOWS\System32\OpenSSH\;C:\Program Files\Amazon\AWSSAMCLI\bin\;C:\Program Files\Amazon\AWSCLIV2\;D:\jdk-18\bin;C:\Program Files\nodejs\;C:\Program Files (x86)\Microsoft Visual Studio\2019\Community\VC\Tools\MSVC\14.29.30133\bin\Hostx64\x64;C:\Program Files (x86)\Winuscon;C:\Program Files (x86)\Tailscale IPN;D:\buildpack;C:\Program Files (x86)\Intel\Intel(R) Management Engine Components\DAL;C:\Program Files\Intel\Intel(R) Management Engine Components\DAL;c:\putty;C:\Program Files\PowerShell\7\;C:\Program Files\Docker\Docker\resources\bin;C:\ProgramData\DockerDesktop\version-bin;C:\Users\deepika\AppData\Local\Microsoft\WindowsApps;C:\Program Files\Intel\WiFi\bin\;C:\Program Files\Common Files\Intel\WirelessCommon\;C:\Program Files\qemu;C:\Program Files\curl-7.78.0-win64-mingw\bin;D:\jdk-18\bin;C:\Users\deepika\AppData\Roaming\npm;C:\Program Files\JetBrains\IntelliJ IDEA Community Edition 2021.2.2\bin;D:\mvnd-0.7.1-windows-amd64\bin;D:\MarkdownMonsterPortable;C:\Users\deepika\AppData\Local\Programs\oh-my-posh\bin;C:\Users\deepika\AppData\Local\Programs\oh-my-posh\themes;C:\Users\deepika\Documents\WindowsPowerShell\Modules\oh-my-posh;D:\buildpack;
USERNAME=deepika
OS=Windows_NT
PROCESSOR_IDENTIFIER=Intel64 Family 6 Model 142 Stepping 10, GenuineIntel



---------------  S Y S T E M  ---------------

OS:
 Windows 11 , 64 bit Build 22000 (10.0.22000.708)
OS uptime: 3 days 22:38 hours
Hyper-V role detected

CPU: total 8 (initial active 8) (4 cores per cpu, 2 threads per core) family 6 model 142 stepping 10 microcode 0xf0, cx8, cmov, fxsr, ht, mmx, 3dnowpref, sse, sse2, sse3, ssse3, sse4.1, sse4.2, popcnt, lzcnt, tsc, tscinvbit, avx, avx2, aes, erms, clmul, bmi1, bmi2, adx, fma, vzeroupper, clflush, clflushopt, hv

Memory: 4k page, system-wide physical 16217M (320M free)
TotalPageFile size 47401M (AvailPageFile size 3M)
current process WorkingSet (physical memory assigned to process): 178M, peak: 178M
current process commit charge ("private bytes"): 234M, peak: 401M

vm_info: OpenJDK 64-Bit Server VM (18+36-2087) for windows-amd64 JRE (18+36-2087), built on Feb 15 2022 09:37:35 by "mach5one" with MS VC++ 16.8 / 16.9 (VS2019)

END.
